Building...
warn: Microsoft.EntityFrameworkCore.Model.Validation[10620]
      The property 'InterviewFeedback.ImprovementAreas' is a collection or enumeration type with a value converter but with no value comparer. Set a value comparer to ensure the collection/enumeration elements are compared correctly.
warn: Microsoft.EntityFrameworkCore.Model.Validation[10620]
      The property 'InterviewFeedback.StrengthAreas' is a collection or enumeration type with a value converter but with no value comparer. Set a value comparer to ensure the collection/enumeration elements are compared correctly.
warn: Microsoft.EntityFrameworkCore.Model.Validation[10620]
      The property 'InterviewFeedback.SuggestedPhrases' is a collection or enumeration type with a value converter but with no value comparer. Set a value comparer to ensure the collection/enumeration elements are compared correctly.
info: Microsoft.EntityFrameworkCore.Database.Command[20101]
      Executed DbCommand (13ms) [Parameters=[], CommandType='Text', CommandTimeout='30']
      SELECT p."Text"
      FROM "Phrases" AS p
info: Microsoft.EntityFrameworkCore.Database.Command[20101]
      Executed DbCommand (5ms) [Parameters=[], CommandType='Text', CommandTimeout='30']
      SELECT r."Title"
      FROM "RoleplayScenarios" AS r
info: Microsoft.Hosting.Lifetime[14]
      Now listening on: http://127.0.0.1:5237
info: Microsoft.Hosting.Lifetime[0]
      Application started. Press Ctrl+C to shut down.
info: Microsoft.Hosting.Lifetime[0]
      Hosting environment: Development
info: Microsoft.Hosting.Lifetime[0]
      Content root path: D:\AMWork\ai\english-learn\apps\api\src\EnglishCoach.Api
info: Microsoft.EntityFrameworkCore.Database.Command[20101]
      Executed DbCommand (9ms) [Parameters=[@__learnerId_0='?'], CommandType='Text', CommandTimeout='30']
      SELECT i."Id", i."CreatedAtUtc", i."CvAnalysis", i."CvText", i."LearnerId", i."UpdatedAtUtc"
      FROM "InterviewProfiles" AS i
      WHERE i."LearnerId" = @__learnerId_0
info: Microsoft.EntityFrameworkCore.Database.Command[20101]
      Executed DbCommand (5ms) [Parameters=[@__profileId_0='?'], CommandType='Text', CommandTimeout='30']
      SELECT i."Id", i."CreatedAtUtc", i."CvAnalysis", i."CvText", i."LearnerId", i."UpdatedAtUtc"
      FROM "InterviewProfiles" AS i
      WHERE i."Id" = @__profileId_0
      LIMIT 1
info: Microsoft.EntityFrameworkCore.Database.Command[20101]
      Executed DbCommand (11ms) [Parameters=[@p0='?', @p1='?' (DbType = DateTime), @p2='?', @p3='?', @p4='?', @p5='?', @p6='?', @p7='?' (DbType = Int32), @p8='?', @p9='?', @p10='?' (DbType = DateTime), @p11='?', @p12='?', @p13='?' (DbType = DateTime), @p14='?', @p15='?', @p16='?', @p17='?', @p18='?' (DbType = Int32)], CommandType='Text', CommandTimeout='30']
      INSERT INTO "InterviewSessions" ("Id", "CreatedAtUtc", "InterviewPlan", "InterviewProfileId", "JdAnalysis", "JdText", "LearnerId", "PlannedQuestionCount", "State", "Type", "UpdatedAtUtc")
      VALUES (@p0, @p1, @p2, @p3, @p4, @p5, @p6, @p7, @p8, @p9, @p10);
      INSERT INTO "InterviewTurns" ("Id", "AudioUrl", "CreatedAtUtc", "Message", "QuestionCategory", "Role", "SessionId", "TurnOrder")
      VALUES (@p11, @p12, @p13, @p14, @p15, @p16, @p17, @p18);
info: Microsoft.EntityFrameworkCore.Database.Command[20101]
      Executed DbCommand (3ms) [Parameters=[@__sessionId_0='?'], CommandType='Text', CommandTimeout='30']
      SELECT t."Id", t."CreatedAtUtc", t."InterviewPlan", t."InterviewProfileId", t."JdAnalysis", t."JdText", t."LearnerId", t."PlannedQuestionCount", t."State", t."Type", t."UpdatedAtUtc", t."FeedbackCommunicationScore", t."FeedbackConfidenceScore", t."FeedbackDetailedEn", t."FeedbackDetailedVi", t."FeedbackImprovementAreas", t."FeedbackOverallScore", t."FeedbackRetryRecommendation", t."FeedbackStrengthAreas", t."FeedbackSuggestedPhrases", t."FeedbackTechnicalAccuracyScore", i0."Id", i0."AudioUrl", i0."CreatedAtUtc", i0."Message", i0."QuestionCategory", i0."Role", i0."SessionId", i0."TurnOrder"
      FROM (
          SELECT i."Id", i."CreatedAtUtc", i."InterviewPlan", i."InterviewProfileId", i."JdAnalysis", i."JdText", i."LearnerId", i."PlannedQuestionCount", i."State", i."Type", i."UpdatedAtUtc", i."FeedbackCommunicationScore", i."FeedbackConfidenceScore", i."FeedbackDetailedEn", i."FeedbackDetailedVi", i."FeedbackImprovementAreas", i."FeedbackOverallScore", i."FeedbackRetryRecommendation", i."FeedbackStrengthAreas", i."FeedbackSuggestedPhrases", i."FeedbackTechnicalAccuracyScore"
          FROM "InterviewSessions" AS i
          WHERE i."Id" = @__sessionId_0
          LIMIT 1
      ) AS t
      LEFT JOIN "InterviewTurns" AS i0 ON t."Id" = i0."SessionId"
      ORDER BY t."Id"
info: Microsoft.EntityFrameworkCore.Database.Command[20101]
      Executed DbCommand (2ms) [Parameters=[@__profileId_0='?'], CommandType='Text', CommandTimeout='30']
      SELECT i."Id", i."CreatedAtUtc", i."CvAnalysis", i."CvText", i."LearnerId", i."UpdatedAtUtc"
      FROM "InterviewProfiles" AS i
      WHERE i."Id" = @__profileId_0
      LIMIT 1
info: Microsoft.EntityFrameworkCore.Database.Command[20101]
      Executed DbCommand (3ms) [Parameters=[@p10='?', @p0='?' (DbType = DateTime), @p1='?', @p2='?', @p3='?', @p4='?', @p5='?', @p6='?' (DbType = Int32), @p7='?', @p8='?', @p9='?' (DbType = DateTime), @p11='?', @p12='?', @p13='?' (DbType = DateTime), @p14='?', @p15='?', @p16='?', @p17='?', @p18='?' (DbType = Int32), @p19='?', @p20='?', @p21='?' (DbType = DateTime), @p22='?', @p23='?', @p24='?', @p25='?', @p26='?' (DbType = Int32)], CommandType='Text', CommandTimeout='30']
      UPDATE "InterviewSessions" SET "CreatedAtUtc" = @p0, "InterviewPlan" = @p1, "InterviewProfileId" = @p2, "JdAnalysis" = @p3, "JdText" = @p4, "LearnerId" = @p5, "PlannedQuestionCount" = @p6, "State" = @p7, "Type" = @p8, "UpdatedAtUtc" = @p9
      WHERE "Id" = @p10;
      INSERT INTO "InterviewTurns" ("Id", "AudioUrl", "CreatedAtUtc", "Message", "QuestionCategory", "Role", "SessionId", "TurnOrder")
      VALUES (@p11, @p12, @p13, @p14, @p15, @p16, @p17, @p18);
      INSERT INTO "InterviewTurns" ("Id", "AudioUrl", "CreatedAtUtc", "Message", "QuestionCategory", "Role", "SessionId", "TurnOrder")
      VALUES (@p19, @p20, @p21, @p22, @p23, @p24, @p25, @p26);
info: Microsoft.EntityFrameworkCore.Database.Command[20101]
      Executed DbCommand (2ms) [Parameters=[@__learnerId_0='?'], CommandType='Text', CommandTimeout='30']
      SELECT i."Id", i."CreatedAtUtc", i."CvAnalysis", i."CvText", i."LearnerId", i."UpdatedAtUtc"
      FROM "InterviewProfiles" AS i
      WHERE i."LearnerId" = @__learnerId_0
info: Microsoft.EntityFrameworkCore.Database.Command[20101]
      Executed DbCommand (2ms) [Parameters=[@__profileId_0='?'], CommandType='Text', CommandTimeout='30']
      SELECT i."Id", i."CreatedAtUtc", i."CvAnalysis", i."CvText", i."LearnerId", i."UpdatedAtUtc"
      FROM "InterviewProfiles" AS i
      WHERE i."Id" = @__profileId_0
      LIMIT 1
info: Microsoft.EntityFrameworkCore.Database.Command[20101]
      Executed DbCommand (3ms) [Parameters=[@p0='?', @p1='?' (DbType = DateTime), @p2='?', @p3='?', @p4='?', @p5='?', @p6='?', @p7='?' (DbType = Int32), @p8='?', @p9='?', @p10='?' (DbType = DateTime), @p11='?', @p12='?', @p13='?' (DbType = DateTime), @p14='?', @p15='?', @p16='?', @p17='?', @p18='?' (DbType = Int32)], CommandType='Text', CommandTimeout='30']
      INSERT INTO "InterviewSessions" ("Id", "CreatedAtUtc", "InterviewPlan", "InterviewProfileId", "JdAnalysis", "JdText", "LearnerId", "PlannedQuestionCount", "State", "Type", "UpdatedAtUtc")
      VALUES (@p0, @p1, @p2, @p3, @p4, @p5, @p6, @p7, @p8, @p9, @p10);
      INSERT INTO "InterviewTurns" ("Id", "AudioUrl", "CreatedAtUtc", "Message", "QuestionCategory", "Role", "SessionId", "TurnOrder")
      VALUES (@p11, @p12, @p13, @p14, @p15, @p16, @p17, @p18);
info: Microsoft.EntityFrameworkCore.Database.Command[20101]
      Executed DbCommand (4ms) [Parameters=[@__profileId_0='?'], CommandType='Text', CommandTimeout='30']
      SELECT i."Id", i."CreatedAtUtc", i."CvAnalysis", i."CvText", i."LearnerId", i."UpdatedAtUtc"
      FROM "InterviewProfiles" AS i
      WHERE i."Id" = @__profileId_0
      LIMIT 1
info: Microsoft.EntityFrameworkCore.Database.Command[20101]
      Executed DbCommand (3ms) [Parameters=[@p0='?', @p1='?' (DbType = DateTime), @p2='?', @p3='?', @p4='?', @p5='?', @p6='?', @p7='?' (DbType = Int32), @p8='?', @p9='?', @p10='?' (DbType = DateTime), @p11='?', @p12='?', @p13='?' (DbType = DateTime), @p14='?', @p15='?', @p16='?', @p17='?', @p18='?' (DbType = Int32)], CommandType='Text', CommandTimeout='30']
      INSERT INTO "InterviewSessions" ("Id", "CreatedAtUtc", "InterviewPlan", "InterviewProfileId", "JdAnalysis", "JdText", "LearnerId", "PlannedQuestionCount", "State", "Type", "UpdatedAtUtc")
      VALUES (@p0, @p1, @p2, @p3, @p4, @p5, @p6, @p7, @p8, @p9, @p10);
      INSERT INTO "InterviewTurns" ("Id", "AudioUrl", "CreatedAtUtc", "Message", "QuestionCategory", "Role", "SessionId", "TurnOrder")
      VALUES (@p11, @p12, @p13, @p14, @p15, @p16, @p17, @p18);
info: Microsoft.EntityFrameworkCore.Database.Command[20101]
      Executed DbCommand (4ms) [Parameters=[@__sessionId_0='?'], CommandType='Text', CommandTimeout='30']
      SELECT t."Id", t."CreatedAtUtc", t."InterviewPlan", t."InterviewProfileId", t."JdAnalysis", t."JdText", t."LearnerId", t."PlannedQuestionCount", t."State", t."Type", t."UpdatedAtUtc", t."FeedbackCommunicationScore", t."FeedbackConfidenceScore", t."FeedbackDetailedEn", t."FeedbackDetailedVi", t."FeedbackImprovementAreas", t."FeedbackOverallScore", t."FeedbackRetryRecommendation", t."FeedbackStrengthAreas", t."FeedbackSuggestedPhrases", t."FeedbackTechnicalAccuracyScore", i0."Id", i0."AudioUrl", i0."CreatedAtUtc", i0."Message", i0."QuestionCategory", i0."Role", i0."SessionId", i0."TurnOrder"
      FROM (
          SELECT i."Id", i."CreatedAtUtc", i."InterviewPlan", i."InterviewProfileId", i."JdAnalysis", i."JdText", i."LearnerId", i."PlannedQuestionCount", i."State", i."Type", i."UpdatedAtUtc", i."FeedbackCommunicationScore", i."FeedbackConfidenceScore", i."FeedbackDetailedEn", i."FeedbackDetailedVi", i."FeedbackImprovementAreas", i."FeedbackOverallScore", i."FeedbackRetryRecommendation", i."FeedbackStrengthAreas", i."FeedbackSuggestedPhrases", i."FeedbackTechnicalAccuracyScore"
          FROM "InterviewSessions" AS i
          WHERE i."Id" = @__sessionId_0
          LIMIT 1
      ) AS t
      LEFT JOIN "InterviewTurns" AS i0 ON t."Id" = i0."SessionId"
      ORDER BY t."Id"
info: Microsoft.EntityFrameworkCore.Database.Command[20101]
      Executed DbCommand (1ms) [Parameters=[@__profileId_0='?'], CommandType='Text', CommandTimeout='30']
      SELECT i."Id", i."CreatedAtUtc", i."CvAnalysis", i."CvText", i."LearnerId", i."UpdatedAtUtc"
      FROM "InterviewProfiles" AS i
      WHERE i."Id" = @__profileId_0
      LIMIT 1
info: Microsoft.EntityFrameworkCore.Database.Command[20101]
      Executed DbCommand (5ms) [Parameters=[@p10='?', @p0='?' (DbType = DateTime), @p1='?', @p2='?', @p3='?', @p4='?', @p5='?', @p6='?' (DbType = Int32), @p7='?', @p8='?', @p9='?' (DbType = DateTime), @p11='?', @p12='?', @p13='?' (DbType = DateTime), @p14='?', @p15='?', @p16='?', @p17='?', @p18='?' (DbType = Int32), @p19='?', @p20='?', @p21='?' (DbType = DateTime), @p22='?', @p23='?', @p24='?', @p25='?', @p26='?' (DbType = Int32)], CommandType='Text', CommandTimeout='30']
      UPDATE "InterviewSessions" SET "CreatedAtUtc" = @p0, "InterviewPlan" = @p1, "InterviewProfileId" = @p2, "JdAnalysis" = @p3, "JdText" = @p4, "LearnerId" = @p5, "PlannedQuestionCount" = @p6, "State" = @p7, "Type" = @p8, "UpdatedAtUtc" = @p9
      WHERE "Id" = @p10;
      INSERT INTO "InterviewTurns" ("Id", "AudioUrl", "CreatedAtUtc", "Message", "QuestionCategory", "Role", "SessionId", "TurnOrder")
      VALUES (@p11, @p12, @p13, @p14, @p15, @p16, @p17, @p18);
      INSERT INTO "InterviewTurns" ("Id", "AudioUrl", "CreatedAtUtc", "Message", "QuestionCategory", "Role", "SessionId", "TurnOrder")
      VALUES (@p19, @p20, @p21, @p22, @p23, @p24, @p25, @p26);
info: Microsoft.EntityFrameworkCore.Database.Command[20101]
      Executed DbCommand (5ms) [Parameters=[@__learnerId_0='?'], CommandType='Text', CommandTimeout='30']
      SELECT i."Id", i."CreatedAtUtc", i."CvAnalysis", i."CvText", i."LearnerId", i."UpdatedAtUtc"
      FROM "InterviewProfiles" AS i
      WHERE i."LearnerId" = @__learnerId_0
info: Microsoft.EntityFrameworkCore.Database.Command[20101]
      Executed DbCommand (2ms) [Parameters=[@__profileId_0='?'], CommandType='Text', CommandTimeout='30']
      SELECT i."Id", i."CreatedAtUtc", i."CvAnalysis", i."CvText", i."LearnerId", i."UpdatedAtUtc"
      FROM "InterviewProfiles" AS i
      WHERE i."Id" = @__profileId_0
      LIMIT 1
info: Microsoft.EntityFrameworkCore.Database.Command[20101]
      Executed DbCommand (3ms) [Parameters=[@p0='?', @p1='?' (DbType = DateTime), @p2='?', @p3='?', @p4='?', @p5='?', @p6='?', @p7='?' (DbType = Int32), @p8='?', @p9='?', @p10='?' (DbType = DateTime), @p11='?', @p12='?', @p13='?' (DbType = DateTime), @p14='?', @p15='?', @p16='?', @p17='?', @p18='?' (DbType = Int32)], CommandType='Text', CommandTimeout='30']
      INSERT INTO "InterviewSessions" ("Id", "CreatedAtUtc", "InterviewPlan", "InterviewProfileId", "JdAnalysis", "JdText", "LearnerId", "PlannedQuestionCount", "State", "Type", "UpdatedAtUtc")
      VALUES (@p0, @p1, @p2, @p3, @p4, @p5, @p6, @p7, @p8, @p9, @p10);
      INSERT INTO "InterviewTurns" ("Id", "AudioUrl", "CreatedAtUtc", "Message", "QuestionCategory", "Role", "SessionId", "TurnOrder")
      VALUES (@p11, @p12, @p13, @p14, @p15, @p16, @p17, @p18);
info: Microsoft.EntityFrameworkCore.Database.Command[20101]
      Executed DbCommand (2ms) [Parameters=[@__profileId_0='?'], CommandType='Text', CommandTimeout='30']
      SELECT i."Id", i."CreatedAtUtc", i."CvAnalysis", i."CvText", i."LearnerId", i."UpdatedAtUtc"
      FROM "InterviewProfiles" AS i
      WHERE i."Id" = @__profileId_0
      LIMIT 1
info: Microsoft.EntityFrameworkCore.Database.Command[20101]
      Executed DbCommand (2ms) [Parameters=[@p0='?', @p1='?' (DbType = DateTime), @p2='?', @p3='?', @p4='?', @p5='?', @p6='?', @p7='?' (DbType = Int32), @p8='?', @p9='?', @p10='?' (DbType = DateTime), @p11='?', @p12='?', @p13='?' (DbType = DateTime), @p14='?', @p15='?', @p16='?', @p17='?', @p18='?' (DbType = Int32)], CommandType='Text', CommandTimeout='30']
      INSERT INTO "InterviewSessions" ("Id", "CreatedAtUtc", "InterviewPlan", "InterviewProfileId", "JdAnalysis", "JdText", "LearnerId", "PlannedQuestionCount", "State", "Type", "UpdatedAtUtc")
      VALUES (@p0, @p1, @p2, @p3, @p4, @p5, @p6, @p7, @p8, @p9, @p10);
      INSERT INTO "InterviewTurns" ("Id", "AudioUrl", "CreatedAtUtc", "Message", "QuestionCategory", "Role", "SessionId", "TurnOrder")
      VALUES (@p11, @p12, @p13, @p14, @p15, @p16, @p17, @p18);
info: Microsoft.EntityFrameworkCore.Database.Command[20101]
      Executed DbCommand (5ms) [Parameters=[@__sessionId_0='?'], CommandType='Text', CommandTimeout='30']
      SELECT t."Id", t."CreatedAtUtc", t."InterviewPlan", t."InterviewProfileId", t."JdAnalysis", t."JdText", t."LearnerId", t."PlannedQuestionCount", t."State", t."Type", t."UpdatedAtUtc", t."FeedbackCommunicationScore", t."FeedbackConfidenceScore", t."FeedbackDetailedEn", t."FeedbackDetailedVi", t."FeedbackImprovementAreas", t."FeedbackOverallScore", t."FeedbackRetryRecommendation", t."FeedbackStrengthAreas", t."FeedbackSuggestedPhrases", t."FeedbackTechnicalAccuracyScore", i0."Id", i0."AudioUrl", i0."CreatedAtUtc", i0."Message", i0."QuestionCategory", i0."Role", i0."SessionId", i0."TurnOrder"
      FROM (
          SELECT i."Id", i."CreatedAtUtc", i."InterviewPlan", i."InterviewProfileId", i."JdAnalysis", i."JdText", i."LearnerId", i."PlannedQuestionCount", i."State", i."Type", i."UpdatedAtUtc", i."FeedbackCommunicationScore", i."FeedbackConfidenceScore", i."FeedbackDetailedEn", i."FeedbackDetailedVi", i."FeedbackImprovementAreas", i."FeedbackOverallScore", i."FeedbackRetryRecommendation", i."FeedbackStrengthAreas", i."FeedbackSuggestedPhrases", i."FeedbackTechnicalAccuracyScore"
          FROM "InterviewSessions" AS i
          WHERE i."Id" = @__sessionId_0
          LIMIT 1
      ) AS t
      LEFT JOIN "InterviewTurns" AS i0 ON t."Id" = i0."SessionId"
      ORDER BY t."Id"
info: Microsoft.EntityFrameworkCore.Database.Command[20101]
      Executed DbCommand (2ms) [Parameters=[@__profileId_0='?'], CommandType='Text', CommandTimeout='30']
      SELECT i."Id", i."CreatedAtUtc", i."CvAnalysis", i."CvText", i."LearnerId", i."UpdatedAtUtc"
      FROM "InterviewProfiles" AS i
      WHERE i."Id" = @__profileId_0
      LIMIT 1
info: Microsoft.EntityFrameworkCore.Database.Command[20101]
      Executed DbCommand (2ms) [Parameters=[@p10='?', @p0='?' (DbType = DateTime), @p1='?', @p2='?', @p3='?', @p4='?', @p5='?', @p6='?' (DbType = Int32), @p7='?', @p8='?', @p9='?' (DbType = DateTime), @p11='?', @p12='?', @p13='?' (DbType = DateTime), @p14='?', @p15='?', @p16='?', @p17='?', @p18='?' (DbType = Int32), @p19='?', @p20='?', @p21='?' (DbType = DateTime), @p22='?', @p23='?', @p24='?', @p25='?', @p26='?' (DbType = Int32)], CommandType='Text', CommandTimeout='30']
      UPDATE "InterviewSessions" SET "CreatedAtUtc" = @p0, "InterviewPlan" = @p1, "InterviewProfileId" = @p2, "JdAnalysis" = @p3, "JdText" = @p4, "LearnerId" = @p5, "PlannedQuestionCount" = @p6, "State" = @p7, "Type" = @p8, "UpdatedAtUtc" = @p9
      WHERE "Id" = @p10;
      INSERT INTO "InterviewTurns" ("Id", "AudioUrl", "CreatedAtUtc", "Message", "QuestionCategory", "Role", "SessionId", "TurnOrder")
      VALUES (@p11, @p12, @p13, @p14, @p15, @p16, @p17, @p18);
      INSERT INTO "InterviewTurns" ("Id", "AudioUrl", "CreatedAtUtc", "Message", "QuestionCategory", "Role", "SessionId", "TurnOrder")
      VALUES (@p19, @p20, @p21, @p22, @p23, @p24, @p25, @p26);
info: Microsoft.EntityFrameworkCore.Database.Command[20101]
      Executed DbCommand (14ms) [Parameters=[@__sessionId_0='?'], CommandType='Text', CommandTimeout='30']
      SELECT t."Id", t."CreatedAtUtc", t."InterviewPlan", t."InterviewProfileId", t."JdAnalysis", t."JdText", t."LearnerId", t."PlannedQuestionCount", t."State", t."Type", t."UpdatedAtUtc", t."FeedbackCommunicationScore", t."FeedbackConfidenceScore", t."FeedbackDetailedEn", t."FeedbackDetailedVi", t."FeedbackImprovementAreas", t."FeedbackOverallScore", t."FeedbackRetryRecommendation", t."FeedbackStrengthAreas", t."FeedbackSuggestedPhrases", t."FeedbackTechnicalAccuracyScore", i0."Id", i0."AudioUrl", i0."CreatedAtUtc", i0."Message", i0."QuestionCategory", i0."Role", i0."SessionId", i0."TurnOrder"
      FROM (
          SELECT i."Id", i."CreatedAtUtc", i."InterviewPlan", i."InterviewProfileId", i."JdAnalysis", i."JdText", i."LearnerId", i."PlannedQuestionCount", i."State", i."Type", i."UpdatedAtUtc", i."FeedbackCommunicationScore", i."FeedbackConfidenceScore", i."FeedbackDetailedEn", i."FeedbackDetailedVi", i."FeedbackImprovementAreas", i."FeedbackOverallScore", i."FeedbackRetryRecommendation", i."FeedbackStrengthAreas", i."FeedbackSuggestedPhrases", i."FeedbackTechnicalAccuracyScore"
          FROM "InterviewSessions" AS i
          WHERE i."Id" = @__sessionId_0
          LIMIT 1
      ) AS t
      LEFT JOIN "InterviewTurns" AS i0 ON t."Id" = i0."SessionId"
      ORDER BY t."Id"
info: Microsoft.EntityFrameworkCore.Database.Command[20101]
      Executed DbCommand (4ms) [Parameters=[@__profileId_0='?'], CommandType='Text', CommandTimeout='30']
      SELECT i."Id", i."CreatedAtUtc", i."CvAnalysis", i."CvText", i."LearnerId", i."UpdatedAtUtc"
      FROM "InterviewProfiles" AS i
      WHERE i."Id" = @__profileId_0
      LIMIT 1
info: Microsoft.EntityFrameworkCore.Database.Command[20101]
      Executed DbCommand (2ms) [Parameters=[@p10='?', @p0='?' (DbType = DateTime), @p1='?', @p2='?', @p3='?', @p4='?', @p5='?', @p6='?' (DbType = Int32), @p7='?', @p8='?', @p9='?' (DbType = DateTime), @p11='?', @p12='?', @p13='?' (DbType = DateTime), @p14='?', @p15='?', @p16='?', @p17='?', @p18='?' (DbType = Int32), @p19='?', @p20='?', @p21='?' (DbType = DateTime), @p22='?', @p23='?', @p24='?', @p25='?', @p26='?' (DbType = Int32)], CommandType='Text', CommandTimeout='30']
      UPDATE "InterviewSessions" SET "CreatedAtUtc" = @p0, "InterviewPlan" = @p1, "InterviewProfileId" = @p2, "JdAnalysis" = @p3, "JdText" = @p4, "LearnerId" = @p5, "PlannedQuestionCount" = @p6, "State" = @p7, "Type" = @p8, "UpdatedAtUtc" = @p9
      WHERE "Id" = @p10;
      INSERT INTO "InterviewTurns" ("Id", "AudioUrl", "CreatedAtUtc", "Message", "QuestionCategory", "Role", "SessionId", "TurnOrder")
      VALUES (@p11, @p12, @p13, @p14, @p15, @p16, @p17, @p18);
      INSERT INTO "InterviewTurns" ("Id", "AudioUrl", "CreatedAtUtc", "Message", "QuestionCategory", "Role", "SessionId", "TurnOrder")
      VALUES (@p19, @p20, @p21, @p22, @p23, @p24, @p25, @p26);
info: Microsoft.EntityFrameworkCore.Database.Command[20101]
      Executed DbCommand (5ms) [Parameters=[@__sessionId_0='?'], CommandType='Text', CommandTimeout='30']
      SELECT t."Id", t."CreatedAtUtc", t."InterviewPlan", t."InterviewProfileId", t."JdAnalysis", t."JdText", t."LearnerId", t."PlannedQuestionCount", t."State", t."Type", t."UpdatedAtUtc", t."FeedbackCommunicationScore", t."FeedbackConfidenceScore", t."FeedbackDetailedEn", t."FeedbackDetailedVi", t."FeedbackImprovementAreas", t."FeedbackOverallScore", t."FeedbackRetryRecommendation", t."FeedbackStrengthAreas", t."FeedbackSuggestedPhrases", t."FeedbackTechnicalAccuracyScore", i0."Id", i0."AudioUrl", i0."CreatedAtUtc", i0."Message", i0."QuestionCategory", i0."Role", i0."SessionId", i0."TurnOrder"
      FROM (
          SELECT i."Id", i."CreatedAtUtc", i."InterviewPlan", i."InterviewProfileId", i."JdAnalysis", i."JdText", i."LearnerId", i."PlannedQuestionCount", i."State", i."Type", i."UpdatedAtUtc", i."FeedbackCommunicationScore", i."FeedbackConfidenceScore", i."FeedbackDetailedEn", i."FeedbackDetailedVi", i."FeedbackImprovementAreas", i."FeedbackOverallScore", i."FeedbackRetryRecommendation", i."FeedbackStrengthAreas", i."FeedbackSuggestedPhrases", i."FeedbackTechnicalAccuracyScore"
          FROM "InterviewSessions" AS i
          WHERE i."Id" = @__sessionId_0
          LIMIT 1
      ) AS t
      LEFT JOIN "InterviewTurns" AS i0 ON t."Id" = i0."SessionId"
      ORDER BY t."Id"
info: Microsoft.EntityFrameworkCore.Database.Command[20101]
      Executed DbCommand (2ms) [Parameters=[@__profileId_0='?'], CommandType='Text', CommandTimeout='30']
      SELECT i."Id", i."CreatedAtUtc", i."CvAnalysis", i."CvText", i."LearnerId", i."UpdatedAtUtc"
      FROM "InterviewProfiles" AS i
      WHERE i."Id" = @__profileId_0
      LIMIT 1
info: Microsoft.EntityFrameworkCore.Database.Command[20101]
      Executed DbCommand (2ms) [Parameters=[@p10='?', @p0='?' (DbType = DateTime), @p1='?', @p2='?', @p3='?', @p4='?', @p5='?', @p6='?' (DbType = Int32), @p7='?', @p8='?', @p9='?' (DbType = DateTime), @p11='?', @p12='?', @p13='?' (DbType = DateTime), @p14='?', @p15='?', @p16='?', @p17='?', @p18='?' (DbType = Int32), @p19='?', @p20='?', @p21='?' (DbType = DateTime), @p22='?', @p23='?', @p24='?', @p25='?', @p26='?' (DbType = Int32)], CommandType='Text', CommandTimeout='30']
      UPDATE "InterviewSessions" SET "CreatedAtUtc" = @p0, "InterviewPlan" = @p1, "InterviewProfileId" = @p2, "JdAnalysis" = @p3, "JdText" = @p4, "LearnerId" = @p5, "PlannedQuestionCount" = @p6, "State" = @p7, "Type" = @p8, "UpdatedAtUtc" = @p9
      WHERE "Id" = @p10;
      INSERT INTO "InterviewTurns" ("Id", "AudioUrl", "CreatedAtUtc", "Message", "QuestionCategory", "Role", "SessionId", "TurnOrder")
      VALUES (@p11, @p12, @p13, @p14, @p15, @p16, @p17, @p18);
      INSERT INTO "InterviewTurns" ("Id", "AudioUrl", "CreatedAtUtc", "Message", "QuestionCategory", "Role", "SessionId", "TurnOrder")
      VALUES (@p19, @p20, @p21, @p22, @p23, @p24, @p25, @p26);
info: Microsoft.EntityFrameworkCore.Database.Command[20101]
      Executed DbCommand (3ms) [Parameters=[@__learnerId_0='?'], CommandType='Text', CommandTimeout='30']
      SELECT i."Id", i."CreatedAtUtc", i."CvAnalysis", i."CvText", i."LearnerId", i."UpdatedAtUtc"
      FROM "InterviewProfiles" AS i
      WHERE i."LearnerId" = @__learnerId_0
info: Microsoft.EntityFrameworkCore.Database.Command[20101]
      Executed DbCommand (2ms) [Parameters=[@__profileId_0='?'], CommandType='Text', CommandTimeout='30']
      SELECT i."Id", i."CreatedAtUtc", i."CvAnalysis", i."CvText", i."LearnerId", i."UpdatedAtUtc"
      FROM "InterviewProfiles" AS i
      WHERE i."Id" = @__profileId_0
      LIMIT 1
info: Microsoft.EntityFrameworkCore.Database.Command[20101]
      Executed DbCommand (9ms) [Parameters=[@__profileId_0='?'], CommandType='Text', CommandTimeout='30']
      SELECT i."Id", i."CreatedAtUtc", i."CvAnalysis", i."CvText", i."LearnerId", i."UpdatedAtUtc"
      FROM "InterviewProfiles" AS i
      WHERE i."Id" = @__profileId_0
      LIMIT 1
info: Microsoft.EntityFrameworkCore.Database.Command[20101]
      Executed DbCommand (7ms) [Parameters=[@p0='?', @p1='?' (DbType = DateTime), @p2='?', @p3='?', @p4='?', @p5='?', @p6='?', @p7='?' (DbType = Int32), @p8='?', @p9='?', @p10='?' (DbType = DateTime), @p11='?', @p12='?', @p13='?' (DbType = DateTime), @p14='?', @p15='?', @p16='?', @p17='?', @p18='?' (DbType = Int32)], CommandType='Text', CommandTimeout='30']
      INSERT INTO "InterviewSessions" ("Id", "CreatedAtUtc", "InterviewPlan", "InterviewProfileId", "JdAnalysis", "JdText", "LearnerId", "PlannedQuestionCount", "State", "Type", "UpdatedAtUtc")
      VALUES (@p0, @p1, @p2, @p3, @p4, @p5, @p6, @p7, @p8, @p9, @p10);
      INSERT INTO "InterviewTurns" ("Id", "AudioUrl", "CreatedAtUtc", "Message", "QuestionCategory", "Role", "SessionId", "TurnOrder")
      VALUES (@p11, @p12, @p13, @p14, @p15, @p16, @p17, @p18);
info: Microsoft.EntityFrameworkCore.Database.Command[20101]
      Executed DbCommand (2ms) [Parameters=[@p0='?', @p1='?' (DbType = DateTime), @p2='?', @p3='?', @p4='?', @p5='?', @p6='?', @p7='?' (DbType = Int32), @p8='?', @p9='?', @p10='?' (DbType = DateTime), @p11='?', @p12='?', @p13='?' (DbType = DateTime), @p14='?', @p15='?', @p16='?', @p17='?', @p18='?' (DbType = Int32)], CommandType='Text', CommandTimeout='30']
      INSERT INTO "InterviewSessions" ("Id", "CreatedAtUtc", "InterviewPlan", "InterviewProfileId", "JdAnalysis", "JdText", "LearnerId", "PlannedQuestionCount", "State", "Type", "UpdatedAtUtc")
      VALUES (@p0, @p1, @p2, @p3, @p4, @p5, @p6, @p7, @p8, @p9, @p10);
      INSERT INTO "InterviewTurns" ("Id", "AudioUrl", "CreatedAtUtc", "Message", "QuestionCategory", "Role", "SessionId", "TurnOrder")
      VALUES (@p11, @p12, @p13, @p14, @p15, @p16, @p17, @p18);
info: Microsoft.EntityFrameworkCore.Database.Command[20101]
      Executed DbCommand (2ms) [Parameters=[@__sessionId_0='?'], CommandType='Text', CommandTimeout='30']
      SELECT t."Id", t."CreatedAtUtc", t."InterviewPlan", t."InterviewProfileId", t."JdAnalysis", t."JdText", t."LearnerId", t."PlannedQuestionCount", t."State", t."Type", t."UpdatedAtUtc", t."FeedbackCommunicationScore", t."FeedbackConfidenceScore", t."FeedbackDetailedEn", t."FeedbackDetailedVi", t."FeedbackImprovementAreas", t."FeedbackOverallScore", t."FeedbackRetryRecommendation", t."FeedbackStrengthAreas", t."FeedbackSuggestedPhrases", t."FeedbackTechnicalAccuracyScore", i0."Id", i0."AudioUrl", i0."CreatedAtUtc", i0."Message", i0."QuestionCategory", i0."Role", i0."SessionId", i0."TurnOrder"
      FROM (
          SELECT i."Id", i."CreatedAtUtc", i."InterviewPlan", i."InterviewProfileId", i."JdAnalysis", i."JdText", i."LearnerId", i."PlannedQuestionCount", i."State", i."Type", i."UpdatedAtUtc", i."FeedbackCommunicationScore", i."FeedbackConfidenceScore", i."FeedbackDetailedEn", i."FeedbackDetailedVi", i."FeedbackImprovementAreas", i."FeedbackOverallScore", i."FeedbackRetryRecommendation", i."FeedbackStrengthAreas", i."FeedbackSuggestedPhrases", i."FeedbackTechnicalAccuracyScore"
          FROM "InterviewSessions" AS i
          WHERE i."Id" = @__sessionId_0
          LIMIT 1
      ) AS t
      LEFT JOIN "InterviewTurns" AS i0 ON t."Id" = i0."SessionId"
      ORDER BY t."Id"
info: Microsoft.EntityFrameworkCore.Database.Command[20101]
      Executed DbCommand (2ms) [Parameters=[@__profileId_0='?'], CommandType='Text', CommandTimeout='30']
      SELECT i."Id", i."CreatedAtUtc", i."CvAnalysis", i."CvText", i."LearnerId", i."UpdatedAtUtc"
      FROM "InterviewProfiles" AS i
      WHERE i."Id" = @__profileId_0
      LIMIT 1
info: Microsoft.EntityFrameworkCore.Database.Command[20101]
      Executed DbCommand (2ms) [Parameters=[@p10='?', @p0='?' (DbType = DateTime), @p1='?', @p2='?', @p3='?', @p4='?', @p5='?', @p6='?' (DbType = Int32), @p7='?', @p8='?', @p9='?' (DbType = DateTime), @p11='?', @p12='?', @p13='?' (DbType = DateTime), @p14='?', @p15='?', @p16='?', @p17='?', @p18='?' (DbType = Int32), @p19='?', @p20='?', @p21='?' (DbType = DateTime), @p22='?', @p23='?', @p24='?', @p25='?', @p26='?' (DbType = Int32)], CommandType='Text', CommandTimeout='30']
      UPDATE "InterviewSessions" SET "CreatedAtUtc" = @p0, "InterviewPlan" = @p1, "InterviewProfileId" = @p2, "JdAnalysis" = @p3, "JdText" = @p4, "LearnerId" = @p5, "PlannedQuestionCount" = @p6, "State" = @p7, "Type" = @p8, "UpdatedAtUtc" = @p9
      WHERE "Id" = @p10;
      INSERT INTO "InterviewTurns" ("Id", "AudioUrl", "CreatedAtUtc", "Message", "QuestionCategory", "Role", "SessionId", "TurnOrder")
      VALUES (@p11, @p12, @p13, @p14, @p15, @p16, @p17, @p18);
      INSERT INTO "InterviewTurns" ("Id", "AudioUrl", "CreatedAtUtc", "Message", "QuestionCategory", "Role", "SessionId", "TurnOrder")
      VALUES (@p19, @p20, @p21, @p22, @p23, @p24, @p25, @p26);
info: Microsoft.EntityFrameworkCore.Database.Command[20101]
      Executed DbCommand (23ms) [Parameters=[@__profileId_0='?'], CommandType='Text', CommandTimeout='30']
      SELECT i."Id", i."CreatedAtUtc", i."CvAnalysis", i."CvText", i."LearnerId", i."UpdatedAtUtc"
      FROM "InterviewProfiles" AS i
      WHERE i."Id" = @__profileId_0
      LIMIT 1
info: Microsoft.EntityFrameworkCore.Database.Command[20101]
      Executed DbCommand (9ms) [Parameters=[@p0='?', @p1='?' (DbType = DateTime), @p2='?', @p3='?', @p4='?', @p5='?', @p6='?', @p7='?' (DbType = Int32), @p8='?', @p9='?', @p10='?' (DbType = DateTime), @p11='?', @p12='?', @p13='?' (DbType = DateTime), @p14='?', @p15='?', @p16='?', @p17='?', @p18='?' (DbType = Int32)], CommandType='Text', CommandTimeout='30']
      INSERT INTO "InterviewSessions" ("Id", "CreatedAtUtc", "InterviewPlan", "InterviewProfileId", "JdAnalysis", "JdText", "LearnerId", "PlannedQuestionCount", "State", "Type", "UpdatedAtUtc")
      VALUES (@p0, @p1, @p2, @p3, @p4, @p5, @p6, @p7, @p8, @p9, @p10);
      INSERT INTO "InterviewTurns" ("Id", "AudioUrl", "CreatedAtUtc", "Message", "QuestionCategory", "Role", "SessionId", "TurnOrder")
      VALUES (@p11, @p12, @p13, @p14, @p15, @p16, @p17, @p18);
